<?xml version="1.0" encoding="UTF-8"?>
<!-- Generated by org.testng.reporters.JUnitReportReporter -->
<testsuite skipped="0" hostname="Rev-PF1JT47A" name="com.revature.tests.injection.MathsTests" tests="1" failures="0" timestamp="2022-01-04T11:36:49 EST" time="0.008" errors="0">
  <testcase name="checkDivision" time="0.008" classname="com.revature.tests.injection.MathsTests"/>
  <system-out/>
</testsuite> <!-- com.revature.tests.injection.MathsTests -->
