<?xml version="1.0" encoding="UTF-8"?>
<!-- Generated by org.testng.reporters.JUnitReportReporter -->
<testsuite skipped="0" hostname="Rev-PF1JT47A" name="com.revature.tests.holder.MockingAndStubbing" tests="4" failures="1" timestamp="2022-01-04T11:36:49 EST" time="0.061" errors="0">
  <testcase name="determineReturnValue" time="0.001" classname="com.revature.tests.holder.MockingAndStubbing"/>
  <system-out/>
  <testcase name="checkMethodCallAndInputs" time="0.049" classname="com.revature.tests.holder.MockingAndStubbing">
    <failure type="org.mockito.exceptions.verification.ArgumentsAreDifferent" message="Argument(s) are different! Wanted:
maths.division(20, 4);
-&gt; at com.revature.tests.holder.MockingAndStubbing.checkMethodCallAndInputs(MockingAndStubbing.java:45)
Actual invocations have different arguments:
maths.division(20, 5);
-&gt; at dev.revature.holder.Calculator.evenOdd(Calculator.java:14)
">
      <![CDATA[org.mockito.exceptions.verification.ArgumentsAreDifferent: Argument(s) are different! Wanted:
maths.division(20, 4);
-> at com.revature.tests.holder.MockingAndStubbing.checkMethodCallAndInputs(MockingAndStubbing.java:45)
Actual invocations have different arguments:
maths.division(20, 5);
-> at dev.revature.holder.Calculator.evenOdd(Calculator.java:14)

at com.revature.tests.holder.MockingAndStubbing.checkMethodCallAndInputs(MockingAndStubbing.java:45)
at sun.reflect.NativeMethodAccessorImpl.invoke0(Native Method)
at sun.reflect.NativeMethodAccessorImpl.invoke(NativeMethodAccessorImpl.java:62)
at sun.reflect.DelegatingMethodAccessorImpl.invoke(DelegatingMethodAccessorImpl.java:43)
at java.lang.reflect.Method.invoke(Method.java:498)
at org.testng.internal.MethodInvocationHelper.invokeMethod(MethodInvocationHelper.java:133)
at org.testng.internal.TestInvoker.invokeMethod(TestInvoker.java:598)
at org.testng.internal.TestInvoker.invokeTestMethod(TestInvoker.java:173)
at org.testng.internal.MethodRunner.runInSequence(MethodRunner.java:46)
at org.testng.internal.TestInvoker$MethodInvocationAgent.invoke(TestInvoker.java:824)
at org.testng.internal.TestInvoker.invokeTestMethods(TestInvoker.java:146)
at org.testng.internal.TestMethodWorker.invokeTestMethods(TestMethodWorker.java:146)
at org.testng.internal.TestMethodWorker.run(TestMethodWorker.java:128)
at java.util.ArrayList.forEach(ArrayList.java:1257)
at org.testng.TestRunner.privateRun(TestRunner.java:794)
at org.testng.TestRunner.run(TestRunner.java:596)
at org.testng.SuiteRunner.runTest(SuiteRunner.java:377)
at org.testng.SuiteRunner.runSequentially(SuiteRunner.java:371)
at org.testng.SuiteRunner.privateRun(SuiteRunner.java:332)
at org.testng.SuiteRunner.run(SuiteRunner.java:276)
at org.testng.SuiteRunnerWorker.runSuite(SuiteRunnerWorker.java:53)
at org.testng.SuiteRunnerWorker.run(SuiteRunnerWorker.java:96)
at org.testng.TestNG.runSuitesSequentially(TestNG.java:1212)
at org.testng.TestNG.runSuitesLocally(TestNG.java:1134)
at org.testng.TestNG.runSuites(TestNG.java:1063)
at org.testng.TestNG.run(TestNG.java:1031)
at com.intellij.rt.testng.IDEARemoteTestNG.run(IDEARemoteTestNG.java:66)
at com.intellij.rt.testng.RemoteTestNGStarter.main(RemoteTestNGStarter.java:109)
]]>
    </failure>
  </testcase> <!-- checkMethodCallAndInputs -->
  <system-out/>
  <testcase name="checkNumberOfMethodCalls" time="0.003" classname="com.revature.tests.holder.MockingAndStubbing"/>
  <system-out/>
  <testcase name="controlReturnValueWithStubbing" time="0.008" classname="com.revature.tests.holder.MockingAndStubbing"/>
  <system-out/>
</testsuite> <!-- com.revature.tests.holder.MockingAndStubbing -->
